24-Mar-2026 06:45:05.484 INFO [main] org.apache.catalina.startup.VersionLoggerListener.log Server version name:   Apache Tomcat/10.1.18
24-Mar-2026 06:45:05.528 INFO [main] org.apache.catalina.startup.VersionLoggerListener.log Server built:          Jan 5 2024 14:39:40 UTC
24-Mar-2026 06:45:05.529 INFO [main] org.apache.catalina.startup.VersionLoggerListener.log Server version number: 10.1.18.0
24-Mar-2026 06:45:05.529 INFO [main] org.apache.catalina.startup.VersionLoggerListener.log OS Name:               Linux
24-Mar-2026 06:45:05.530 INFO [main] org.apache.catalina.startup.VersionLoggerListener.log OS Version:            6.8.0-1044-azure
24-Mar-2026 06:45:05.531 INFO [main] org.apache.catalina.startup.VersionLoggerListener.log Architecture:          amd64
24-Mar-2026 06:45:05.531 INFO [main] org.apache.catalina.startup.VersionLoggerListener.log Java Home:             /usr/local/sdkman/candidates/java/25.0.1-ms
24-Mar-2026 06:45:05.531 INFO [main] org.apache.catalina.startup.VersionLoggerListener.log JVM Version:           25.0.1+8-LTS
24-Mar-2026 06:45:05.531 INFO [main] org.apache.catalina.startup.VersionLoggerListener.log JVM Vendor:            Microsoft
24-Mar-2026 06:45:05.531 INFO [main] org.apache.catalina.startup.VersionLoggerListener.log CATALINA_BASE:         /workspaces/exp2/apache-tomcat-10.1.18
24-Mar-2026 06:45:05.531 INFO [main] org.apache.catalina.startup.VersionLoggerListener.log CATALINA_HOME:         /workspaces/exp2/apache-tomcat-10.1.18
24-Mar-2026 06:45:05.610 INFO [main] org.apache.catalina.startup.VersionLoggerListener.log Command line argument: -Djava.util.logging.config.file=/workspaces/exp2/apache-tomcat-10.1.18/conf/logging.properties
24-Mar-2026 06:45:05.610 INFO [main] org.apache.catalina.startup.VersionLoggerListener.log Command line argument: -Djava.util.logging.manager=org.apache.juli.ClassLoaderLogManager
24-Mar-2026 06:45:05.610 INFO [main] org.apache.catalina.startup.VersionLoggerListener.log Command line argument: -Djdk.tls.ephemeralDHKeySize=2048
24-Mar-2026 06:45:05.610 INFO [main] org.apache.catalina.startup.VersionLoggerListener.log Command line argument: -Djava.protocol.handler.pkgs=org.apache.catalina.webresources
24-Mar-2026 06:45:05.610 INFO [main] org.apache.catalina.startup.VersionLoggerListener.log Command line argument: -Dorg.apache.catalina.security.SecurityListener.UMASK=0027
24-Mar-2026 06:45:05.611 INFO [main] org.apache.catalina.startup.VersionLoggerListener.log Command line argument: --add-opens=java.base/java.lang=ALL-UNNAMED
24-Mar-2026 06:45:05.611 INFO [main] org.apache.catalina.startup.VersionLoggerListener.log Command line argument: --add-opens=java.base/java.io=ALL-UNNAMED
24-Mar-2026 06:45:05.611 INFO [main] org.apache.catalina.startup.VersionLoggerListener.log Command line argument: --add-opens=java.base/java.util=ALL-UNNAMED
24-Mar-2026 06:45:05.611 INFO [main] org.apache.catalina.startup.VersionLoggerListener.log Command line argument: --add-opens=java.base/java.util.concurrent=ALL-UNNAMED
24-Mar-2026 06:45:05.611 INFO [main] org.apache.catalina.startup.VersionLoggerListener.log Command line argument: --add-opens=java.rmi/sun.rmi.transport=ALL-UNNAMED
24-Mar-2026 06:45:05.616 INFO [main] org.apache.catalina.startup.VersionLoggerListener.log Command line argument: -Dcatalina.base=/workspaces/exp2/apache-tomcat-10.1.18
24-Mar-2026 06:45:05.617 INFO [main] org.apache.catalina.startup.VersionLoggerListener.log Command line argument: -Dcatalina.home=/workspaces/exp2/apache-tomcat-10.1.18
24-Mar-2026 06:45:05.617 INFO [main] org.apache.catalina.startup.VersionLoggerListener.log Command line argument: -Djava.io.tmpdir=/workspaces/exp2/apache-tomcat-10.1.18/temp
24-Mar-2026 06:45:05.621 INFO [main] org.apache.catalina.core.AprLifecycleListener.lifecycleEvent The Apache Tomcat Native library which allows using OpenSSL was not found on the java.library.path: [/usr/java/packages/lib:/usr/lib64:/lib64:/lib:/usr/lib]
24-Mar-2026 06:45:06.321 INFO [main] org.apache.coyote.AbstractProtocol.init Initializing ProtocolHandler ["http-nio-8080"]
24-Mar-2026 06:45:06.367 INFO [main] org.apache.catalina.startup.Catalina.load Server initialization in [2386] milliseconds
24-Mar-2026 06:45:06.460 INFO [main] org.apache.catalina.core.StandardService.startInternal Starting service [Catalina]
24-Mar-2026 06:45:06.463 INFO [main] org.apache.catalina.core.StandardEngine.startInternal Starting Servlet engine: [Apache Tomcat/10.1.18]
24-Mar-2026 06:45:06.483 INFO [main] org.apache.catalina.startup.HostConfig.deployDirectory Deploying web application directory [/workspaces/exp2/apache-tomcat-10.1.18/webapps/docs]
24-Mar-2026 06:45:07.604 INFO [main] org.apache.catalina.startup.HostConfig.deployDirectory Deployment of web application directory [/workspaces/exp2/apache-tomcat-10.1.18/webapps/docs] has finished in [1,115] ms
24-Mar-2026 06:45:07.606 INFO [main] org.apache.catalina.startup.HostConfig.deployDirectory Deploying web application directory [/workspaces/exp2/apache-tomcat-10.1.18/webapps/examples]
24-Mar-2026 06:45:08.213 INFO [main] org.apache.catalina.startup.HostConfig.deployDirectory Deployment of web application directory [/workspaces/exp2/apache-tomcat-10.1.18/webapps/examples] has finished in [607] ms
24-Mar-2026 06:45:08.213 INFO [main] org.apache.catalina.startup.HostConfig.deployDirectory Deploying web application directory [/workspaces/exp2/apache-tomcat-10.1.18/webapps/manager]
24-Mar-2026 06:45:08.256 INFO [main] org.apache.catalina.startup.HostConfig.deployDirectory Deployment of web application directory [/workspaces/exp2/apache-tomcat-10.1.18/webapps/manager] has finished in [43] ms
24-Mar-2026 06:45:08.257 INFO [main] org.apache.catalina.startup.HostConfig.deployDirectory Deploying web application directory [/workspaces/exp2/apache-tomcat-10.1.18/webapps/host-manager]
24-Mar-2026 06:45:08.285 INFO [main] org.apache.catalina.startup.HostConfig.deployDirectory Deployment of web application directory [/workspaces/exp2/apache-tomcat-10.1.18/webapps/host-manager] has finished in [28] ms
24-Mar-2026 06:45:08.286 INFO [main] org.apache.catalina.startup.HostConfig.deployDirectory Deploying web application directory [/workspaces/exp2/apache-tomcat-10.1.18/webapps/bookstore]
24-Mar-2026 06:45:08.330 INFO [main] org.apache.catalina.startup.HostConfig.deployDirectory Deployment of web application directory [/workspaces/exp2/apache-tomcat-10.1.18/webapps/bookstore] has finished in [43] ms
24-Mar-2026 06:45:08.330 INFO [main] org.apache.catalina.startup.HostConfig.deployDirectory Deploying web application directory [/workspaces/exp2/apache-tomcat-10.1.18/webapps/ROOT]
24-Mar-2026 06:45:08.356 INFO [main] org.apache.catalina.startup.HostConfig.deployDirectory Deployment of web application directory [/workspaces/exp2/apache-tomcat-10.1.18/webapps/ROOT] has finished in [26] ms
24-Mar-2026 06:45:08.362 INFO [main] org.apache.coyote.AbstractProtocol.start Starting ProtocolHandler ["http-nio-8080"]
24-Mar-2026 06:45:08.402 INFO [main] org.apache.catalina.startup.Catalina.start Server startup in [2033] milliseconds
